/*C1*/SET SCHEMA SYSTEM_LOBS
INSERT INTO BLOCKS VALUES(0,2147483647,0)
COMMIT
/*C2*/SET SCHEMA PUBLIC
create table transaction (id varchar(255) not null, account_number integer not null, name varchar(255), date_time timestamp, value numeric(19,2), primary key (id))
/*C3*/SET SCHEMA PUBLIC
DISCONNECT
/*C11*/SET SCHEMA PUBLIC
DISCONNECT
/*C6*/SET SCHEMA PUBLIC
DISCONNECT
/*C2*/DISCONNECT
/*C9*/SET SCHEMA PUBLIC
DISCONNECT
/*C8*/SET SCHEMA PUBLIC
DISCONNECT
/*C7*/SET SCHEMA PUBLIC
DISCONNECT
/*C4*/SET SCHEMA PUBLIC
DISCONNECT
/*C10*/SET SCHEMA PUBLIC
DISCONNECT
/*C5*/SET SCHEMA PUBLIC
DISCONNECT
/*C16*/SET SCHEMA PUBLIC
DISCONNECT
/*C14*/SET SCHEMA PUBLIC
DISCONNECT
/*C19*/SET SCHEMA PUBLIC
DISCONNECT
/*C17*/SET SCHEMA PUBLIC
DISCONNECT
/*C12*/SET SCHEMA PUBLIC
DISCONNECT
/*C15*/SET SCHEMA PUBLIC
DISCONNECT
/*C13*/SET SCHEMA PUBLIC
DISCONNECT
/*C18*/SET SCHEMA PUBLIC
DISCONNECT
/*C21*/SET SCHEMA PUBLIC
DISCONNECT
/*C20*/SET SCHEMA PUBLIC
DISCONNECT
/*C22*/SET SCHEMA PUBLIC
DISCONNECT
/*C24*/SET SCHEMA PUBLIC
DISCONNECT
/*C23*/SET SCHEMA PUBLIC
DISCONNECT
/*C26*/SET SCHEMA PUBLIC
DISCONNECT
/*C28*/SET SCHEMA PUBLIC
DISCONNECT
/*C27*/SET SCHEMA PUBLIC
DISCONNECT
/*C30*/SET SCHEMA PUBLIC
DISCONNECT
/*C25*/SET SCHEMA PUBLIC
DISCONNECT
/*C29*/SET SCHEMA PUBLIC
DISCONNECT
/*C31*/SET SCHEMA PUBLIC
DISCONNECT
/*C32*/SET SCHEMA PUBLIC
INSERT INTO TRANSACTION VALUES('5d286542-cb3b-43bf-8424-9628219e81e0',2000,'was','2021-06-20 16:31:49.525000',200.00)
COMMIT
INSERT INTO TRANSACTION VALUES('f07f234f-74c6-4050-88c2-4a176c0c20c7',2020,'dasd','2021-06-20 16:33:20.687136',200.00)
COMMIT
INSERT INTO TRANSACTION VALUES('d22fc448-3689-4a96-8016-4c568f08e0c2',2020,'dasd','2021-06-20 16:34:29.105884',200.00)
COMMIT
INSERT INTO TRANSACTION VALUES('917429ce-08ea-41de-87fc-20f4622182b1',2020,'dasd','2021-06-20 16:37:34.679367',200.00)
COMMIT
INSERT INTO TRANSACTION VALUES('7e93a5c7-71f1-469c-965b-6cb408a64612',2020,'dasd','2021-06-20 16:39:11.538230',200.00)
COMMIT
INSERT INTO TRANSACTION VALUES('ddd63d11-018c-407f-a831-2fb6795a7bcc',2020,'dasd','2021-06-20 16:39:45.213894',200.00)
COMMIT
/*C34*/SET SCHEMA PUBLIC
DISCONNECT
/*C33*/SET SCHEMA PUBLIC
DISCONNECT
/*C35*/SET SCHEMA PUBLIC
DISCONNECT
/*C32*/DISCONNECT
/*C37*/SET SCHEMA PUBLIC
DISCONNECT
/*C36*/SET SCHEMA PUBLIC
INSERT INTO TRANSACTION VALUES('0cc2cece-2fdc-4cb4-875e-a498478577a3',123,'asd','2021-06-20 16:48:36.237669',1245556.00)
COMMIT
/*C39*/SET SCHEMA PUBLIC
DISCONNECT
/*C36*/DISCONNECT
/*C38*/SET SCHEMA PUBLIC
DISCONNECT
/*C40*/SET SCHEMA PUBLIC
DISCONNECT
/*C41*/SET SCHEMA PUBLIC
DISCONNECT
/*C42*/SET SCHEMA PUBLIC
INSERT INTO TRANSACTION VALUES('9235214e-33dc-47e5-8025-7a31600673c1',123,'testman','2021-06-20 16:50:33.427451',231313.00)
COMMIT
DISCONNECT
/*C44*/SET SCHEMA PUBLIC
DISCONNECT
/*C43*/SET SCHEMA PUBLIC
DISCONNECT
/*C45*/SET SCHEMA PUBLIC
DISCONNECT
/*C46*/SET SCHEMA PUBLIC
DISCONNECT
/*C48*/SET SCHEMA PUBLIC
DISCONNECT
/*C49*/SET SCHEMA PUBLIC
DISCONNECT
/*C47*/SET SCHEMA PUBLIC
DISCONNECT
/*C50*/SET SCHEMA PUBLIC
DISCONNECT
/*C51*/SET SCHEMA PUBLIC
DISCONNECT
/*C52*/SET SCHEMA PUBLIC
INSERT INTO TRANSACTION VALUES('3a5de85a-03f2-45ff-ab62-915b6521c68d',422,'4sad','2021-06-20 17:21:00.604628',222222222.00)
COMMIT
INSERT INTO TRANSACTION VALUES('b28969d7-2f32-46b0-a96f-fcb9ed1c7308',422,'4sad','2021-06-20 17:21:03.462388',222222222.00)
COMMIT
INSERT INTO TRANSACTION VALUES('6f2ade88-7d38-434d-b6f3-51030f171ccb',123,'asd','2021-06-20 17:22:20.119739',123.00)
COMMIT
INSERT INTO TRANSACTION VALUES('ca0b2a3d-3259-4e2b-a950-324745c2cab8',422,'4sad','2021-06-20 17:33:40.226963',231123.00)
COMMIT
INSERT INTO TRANSACTION VALUES('4032a57f-de14-4088-8b76-ff75cd3eb8d5',422,'4sad','2021-06-20 17:35:02.676931',231123.00)
COMMIT
INSERT INTO TRANSACTION VALUES('18ee6c86-14c7-4874-9ad1-6e0f7ed1fcab',12,'das','2021-06-20 17:39:36.507446',3123.00)
COMMIT
DISCONNECT
/*C55*/SET SCHEMA PUBLIC
DISCONNECT
/*C53*/SET SCHEMA PUBLIC
DISCONNECT
/*C56*/SET SCHEMA PUBLIC
DISCONNECT
/*C54*/SET SCHEMA PUBLIC
DISCONNECT
/*C57*/SET SCHEMA PUBLIC
DISCONNECT
/*C60*/SET SCHEMA PUBLIC
DISCONNECT
/*C58*/SET SCHEMA PUBLIC
DISCONNECT
/*C61*/SET SCHEMA PUBLIC
DISCONNECT
/*C59*/SET SCHEMA PUBLIC
DISCONNECT
/*C63*/SET SCHEMA PUBLIC
DISCONNECT
/*C64*/SET SCHEMA PUBLIC
DISCONNECT
/*C62*/SET SCHEMA PUBLIC
DISCONNECT
/*C65*/SET SCHEMA PUBLIC
DISCONNECT
/*C69*/SET SCHEMA PUBLIC
DISCONNECT
/*C66*/SET SCHEMA PUBLIC
DISCONNECT
/*C67*/SET SCHEMA PUBLIC
DISCONNECT
/*C71*/SET SCHEMA PUBLIC
DISCONNECT
/*C70*/SET SCHEMA PUBLIC
DISCONNECT
/*C68*/SET SCHEMA PUBLIC
DISCONNECT
